<?xml version="1.0" encoding="UTF-8"?>
<!-- Generated by org.testng.reporters.JUnitXMLReporter -->
<testsuite ignored="0" hostname="LAPTOP-DUJFBR3O" failures="1" tests="3" name="Firefox Test" time="74.992" errors="0" timestamp="2024-12-01T12:20:58 IST">
  <testcase classname="TestNGPackage.LambdaTestCertifications" name="testScenario1" time="0.002">
    <failure type="java.lang.NullPointerException" message="Cannot invoke &amp;quot;java.time.temporal.TemporalAmount.addTo(java.time.temporal.Temporal)&amp;quot; because &amp;quot;amountToAdd&amp;quot; is null">
      <![CDATA[java.lang.NullPointerException: Cannot invoke "java.time.temporal.TemporalAmount.addTo(java.time.temporal.Temporal)" because "amountToAdd" is null
at java.base/java.time.Instant.plus(Instant.java:788)
at org.openqa.selenium.support.ui.FluentWait.until(FluentWait.java:198)
at TestNGPackage.LambdaTestCertifications.testScenario1(LambdaTestCertifications.java:42)
at java.base/java.util.ArrayList.forEach(ArrayList.java:1596)
... Removed 25 stack frames]]>
    </failure>
  </testcase> <!-- testScenario1 -->
  <testcase classname="TestNGPackage.LambdaTestCertifications" name="testScenario2" time="2.54"/>
  <testcase classname="TestNGPackage.LambdaTestCertifications" name="testScenario3" time="2.057"/>
</testsuite> <!-- Firefox Test -->
