<?xml version="1.0" encoding="UTF-8"?>
<!-- Generated by org.testng.reporters.JUnitXMLReporter -->
<testsuite ignored="0" hostname="LAPTOP-DUJFBR3O" failures="1" tests="3" name="Internet Explorer Test" time="8.296" errors="0" timestamp="2024-12-01T12:16:18 IST">
  <testcase classname="TestNGPackage.LambdaTestCertifications" name="testScenario1" time="0.001">
    <failure type="java.lang.NullPointerException" message="Cannot invoke &amp;quot;java.time.temporal.TemporalAmount.addTo(java.time.temporal.Temporal)&amp;quot; because &amp;quot;amountToAdd&amp;quot; is null">
      <![CDATA[java.lang.NullPointerException: Cannot invoke "java.time.temporal.TemporalAmount.addTo(java.time.temporal.Temporal)" because "amountToAdd" is null
at java.base/java.time.Instant.plus(Instant.java:788)
at org.openqa.selenium.support.ui.FluentWait.until(FluentWait.java:198)
at TestNGPackage.LambdaTestCertifications.testScenario1(LambdaTestCertifications.java:30)
at java.base/java.util.concurrent.FutureTask.run(FutureTask.java:317)
at java.base/java.util.concurrent.ThreadPoolExecutor.runWorker(ThreadPoolExecutor.java:1144)
at java.base/java.util.concurrent.ThreadPoolExecutor$Worker.run(ThreadPoolExecutor.java:642)
at java.base/java.lang.Thread.run(Thread.java:1583)
... Removed 6 stack frames]]>
    </failure>
  </testcase> <!-- testScenario1 -->
  <testcase classname="TestNGPackage.LambdaTestCertifications" name="testScenario2" time="0.916"/>
  <testcase classname="TestNGPackage.LambdaTestCertifications" name="testScenario3" time="0.9"/>
</testsuite> <!-- Internet Explorer Test -->
